<?xml version="1.0" encoding="UTF-8"?>
<testsuite name="com.ibm.cfc.MyAssetContractTest$AssetUpdates" tests="2" skipped="0" failures="0" errors="0" timestamp="2021-09-05T09:05:31" hostname="nitin-home" time="0.028">
  <properties/>
  <testcase name="updateExisting()" classname="com.ibm.cfc.MyAssetContractTest$AssetUpdates" time="0.021"/>
  <testcase name="updateMissing()" classname="com.ibm.cfc.MyAssetContractTest$AssetUpdates" time="0.005"/>
  <system-out><![CDATA[]]></system-out>
  <system-err><![CDATA[]]></system-err>
</testsuite>
