<?xml version="1.0" encoding="UTF-8"?>
<testsuite name="com.ibm.cfc.MyAssetContractTest$AssetExists" tests="3" skipped="0" failures="0" errors="0" timestamp="2021-09-05T09:05:31" hostname="nitin-home" time="0.025">
  <properties/>
  <testcase name="noProperAsset()" classname="com.ibm.cfc.MyAssetContractTest$AssetExists" time="0.005"/>
  <testcase name="noKey()" classname="com.ibm.cfc.MyAssetContractTest$AssetExists" time="0.006"/>
  <testcase name="assetExists()" classname="com.ibm.cfc.MyAssetContractTest$AssetExists" time="0.007"/>
  <system-out><![CDATA[]]></system-out>
  <system-err><![CDATA[]]></system-err>
</testsuite>
