<?xml version="1.0" encoding="UTF-8"?>
<testsuite name="com.ibm.cfc.MyAssetContractTest$AssetCreates" tests="2" skipped="0" failures="0" errors="0" timestamp="2021-09-05T09:05:31" hostname="nitin-home" time="0.014">
  <properties/>
  <testcase name="alreadyExists()" classname="com.ibm.cfc.MyAssetContractTest$AssetCreates" time="0.005"/>
  <testcase name="newAssetCreate()" classname="com.ibm.cfc.MyAssetContractTest$AssetCreates" time="0.006"/>
  <system-out><![CDATA[]]></system-out>
  <system-err><![CDATA[]]></system-err>
</testsuite>
