<?xml version="1.0" encoding="UTF-8"?>
<testsuite name="com.ibm.cfc.MyAssetContractTest" tests="2" skipped="0" failures="0" errors="0" timestamp="2021-09-05T09:05:30" hostname="nitin-home" time="1.352">
  <properties/>
  <testcase name="assetDelete()" classname="com.ibm.cfc.MyAssetContractTest" time="1.237"/>
  <testcase name="assetRead()" classname="com.ibm.cfc.MyAssetContractTest" time="0.113"/>
  <system-out><![CDATA[]]></system-out>
  <system-err><![CDATA[]]></system-err>
</testsuite>
